<?xml version="1.0" encoding="UTF-8"?>
<robot generator="Robot 5.0 (Python 3.6.9 on linux)" generated="20230117 15:38:52.719" rpa="false" schemaversion="3">
<suite id="s1" name="SuiteTestWEB" source="/home/usr_admin/auto_qc/web_auto/QC_WEB_GENERIC_FRAMEWORK_GLOBAL/QC_WEB_FRAMEWORK_GLOBAL_ADDONS/testCases/SuiteTestWEB.robot">
<kw name="-CONFIGURACIÓN INICIAL SUITETEST-" library="libraries_keywords" type="SETUP">
<kw name="Sleep" library="BuiltIn">
<arg>3</arg>
<doc>Pauses the test executed for the given time.</doc>
<msg timestamp="20230117 15:39:00.414" level="INFO">Slept 3 seconds</msg>
<status status="PASS" starttime="20230117 15:38:57.413" endtime="20230117 15:39:00.414"/>
</kw>
<status status="PASS" starttime="20230117 15:38:57.412" endtime="20230117 15:39:00.414"/>
</kw>
<test id="s1-t1" name="Test Case 1 prueba Login mx" line="12">
<kw name="-CONFIGURACIÓN TESTCASE-" library="libraries_keywords" type="SETUP">
<kw name="-CONFIGURAR DIRECTORIO SCREENSHOTS-" library="libraries_keywords">
<kw name="Set Screenshot Directory" library="Selenium2Library">
<arg>${screenshots-folder}</arg>
<doc>Sets the directory for captured screenshots.</doc>
<status status="PASS" starttime="20230117 15:39:00.420" endtime="20230117 15:39:00.421"/>
</kw>
<status status="PASS" starttime="20230117 15:39:00.420" endtime="20230117 15:39:00.421"/>
</kw>
<status status="PASS" starttime="20230117 15:39:00.419" endtime="20230117 15:39:00.421"/>
</kw>
<kw name="-LOGIN HOME CV CON PERFIL-" library="tests_keywords">
<arg>${email_valido}</arg>
<arg>${pass_valido}</arg>
<kw name="-ABRIR LOGIN PAGE-" library="tests_keywords">
<kw name="Open Browser" library="Selenium2Library">
<arg>${url_login_page}</arg>
<arg>${browser}</arg>
<doc>Opens a new browser instance to the optional ``url``.</doc>
<msg timestamp="20230117 15:39:00.423" level="INFO">Opening browser 'headlesschrome' to base url 'https://www.clarovideo.com/mexico/login'.</msg>
<status status="PASS" starttime="20230117 15:39:00.423" endtime="20230117 15:39:06.226"/>
</kw>
<kw name="Set Window Size" library="Selenium2Library">
<arg>1200</arg>
<arg>1200</arg>
<doc>Sets current windows size to given ``width`` and ``height``.</doc>
<status status="PASS" starttime="20230117 15:39:06.227" endtime="20230117 15:39:06.331"/>
</kw>
<status status="PASS" starttime="20230117 15:39:00.422" endtime="20230117 15:39:06.332"/>
</kw>
<kw name="-INGRESAR EMAIL PARA LOGIN-" library="tests_keywords">
<arg>${email}</arg>
<kw name="Wait Until Element Is Visible" library="Selenium2Library">
<arg>${elementos_login_email['reg_emailtextbox']}</arg>
<doc>Waits until the element ``locator`` is visible.</doc>
<status status="PASS" starttime="20230117 15:39:06.333" endtime="20230117 15:39:06.398"/>
</kw>
<kw name="Input Text" library="Selenium2Library">
<arg>${elementos_login_email['reg_emailtextbox']}</arg>
<arg>${email}</arg>
<doc>Types the given ``text`` into the text field identified by ``locator``.</doc>
<msg timestamp="20230117 15:39:06.400" level="INFO">Typing text 'qc_mx_roku@gmail.com' into text field 'xpath=//input[@id="emailLogin"]'.</msg>
<status status="PASS" starttime="20230117 15:39:06.398" endtime="20230117 15:39:06.633"/>
</kw>
<kw name="Click Button" library="Selenium2Library">
<arg>${elementos_login_email['log_siguiente']}</arg>
<doc>Clicks the button identified by ``locator``.</doc>
<msg timestamp="20230117 15:39:06.636" level="INFO">Clicking button 'xpath=//button[@id="submitEmail"]'.</msg>
<status status="PASS" starttime="20230117 15:39:06.633" endtime="20230117 15:39:06.798"/>
</kw>
<status status="PASS" starttime="20230117 15:39:06.332" endtime="20230117 15:39:06.798"/>
</kw>
<kw name="-INGRESAR PASSWORD PARA LOGIN-" library="tests_keywords">
<arg>${password}</arg>
<kw name="Wait Until Element Is Visible" library="Selenium2Library">
<arg>${elementos_login_pass['reg_pass_passtextbox']}</arg>
<doc>Waits until the element ``locator`` is visible.</doc>
<status status="PASS" starttime="20230117 15:39:06.800" endtime="20230117 15:39:07.143"/>
</kw>
<kw name="Input Text" library="Selenium2Library">
<arg>${elementos_login_pass['reg_pass_passtextbox']}</arg>
<arg>${password}</arg>
<doc>Types the given ``text`` into the text field identified by ``locator``.</doc>
<msg timestamp="20230117 15:39:07.146" level="INFO">Typing text 'Claro123' into text field 'xpath=//input[@id="password"]'.</msg>
<status status="PASS" starttime="20230117 15:39:07.144" endtime="20230117 15:39:07.272"/>
</kw>
<kw name="Click Button" library="Selenium2Library">
<arg>${elementos_login_pass['log_pass_siguiente']}</arg>
<doc>Clicks the button identified by ``locator``.</doc>
<msg timestamp="20230117 15:39:07.274" level="INFO">Clicking button 'xpath=//button[@id="submitPassword"]'.</msg>
<status status="PASS" starttime="20230117 15:39:07.272" endtime="20230117 15:39:07.381"/>
</kw>
<status status="PASS" starttime="20230117 15:39:06.799" endtime="20230117 15:39:07.381"/>
</kw>
<kw name="Sleep" library="BuiltIn">
<arg>10</arg>
<doc>Pauses the test executed for the given time.</doc>
<msg timestamp="20230117 15:39:17.382" level="INFO">Slept 10 seconds</msg>
<status status="PASS" starttime="20230117 15:39:07.382" endtime="20230117 15:39:17.382"/>
</kw>
<kw name="-CLICK IMAGEN DE PERFIL-" library="tests_keywords">
<kw name="Sleep" library="BuiltIn">
<arg>10</arg>
<doc>Pauses the test executed for the given time.</doc>
<msg timestamp="20230117 15:39:27.384" level="INFO">Slept 10 seconds</msg>
<status status="PASS" starttime="20230117 15:39:17.384" endtime="20230117 15:39:27.384"/>
</kw>
<kw name="Run Keyword And Return Status" library="BuiltIn">
<var>${passed}</var>
<arg>wait until page contains element</arg>
<arg>${elementos_profile_page['selectProfile_1_image']}</arg>
<doc>Runs the given keyword with given arguments and returns the status as a Boolean value.</doc>
<kw name="Wait Until Page Contains Element" library="Selenium2Library">
<arg>${elementos_profile_page['selectProfile_1_image']}</arg>
<doc>Waits until the element ``locator`` appears on the current page.</doc>
<status status="PASS" starttime="20230117 15:39:27.385" endtime="20230117 15:39:27.406"/>
</kw>
<msg timestamp="20230117 15:39:27.406" level="INFO">${passed} = True</msg>
<status status="PASS" starttime="20230117 15:39:27.385" endtime="20230117 15:39:27.406"/>
</kw>
<kw name="Run Keyword If" library="BuiltIn">
<arg>${passed}</arg>
<arg>click element</arg>
<arg>${elementos_profile_page['selectProfile_1_image']}</arg>
<doc>Runs the given keyword with the given arguments, if ``condition`` is true.</doc>
<kw name="Click Element" library="Selenium2Library">
<arg>${elementos_profile_page['selectProfile_1_image']}</arg>
<doc>Click the element identified by ``locator``.</doc>
<msg timestamp="20230117 15:39:27.409" level="INFO">Clicking element 'xpath=//div[@class='image-grid-container']//div[1]//div[1]//img[1]'.</msg>
<status status="PASS" starttime="20230117 15:39:27.407" endtime="20230117 15:39:27.524"/>
</kw>
<status status="PASS" starttime="20230117 15:39:27.406" endtime="20230117 15:39:27.524"/>
</kw>
<status status="PASS" starttime="20230117 15:39:17.383" endtime="20230117 15:39:27.525"/>
</kw>
<kw name="Sleep" library="BuiltIn">
<arg>10</arg>
<doc>Pauses the test executed for the given time.</doc>
<msg timestamp="20230117 15:39:37.525" level="INFO">Slept 10 seconds</msg>
<status status="PASS" starttime="20230117 15:39:27.525" endtime="20230117 15:39:37.526"/>
</kw>
<kw name="-VALIDAR CARGA HOME-" library="tests_keywords">
<kw name="Sleep" library="BuiltIn">
<arg>4</arg>
<doc>Pauses the test executed for the given time.</doc>
<msg timestamp="20230117 15:39:41.527" level="INFO">Slept 4 seconds</msg>
<status status="PASS" starttime="20230117 15:39:37.527" endtime="20230117 15:39:41.527"/>
</kw>
<kw name="Wait Until Page Contains Element" library="Selenium2Library">
<arg>${elementos_home_page['home_lupa']}</arg>
<doc>Waits until the element ``locator`` appears on the current page.</doc>
<status status="PASS" starttime="20230117 15:39:41.528" endtime="20230117 15:39:41.547"/>
</kw>
<status status="PASS" starttime="20230117 15:39:37.526" endtime="20230117 15:39:41.547"/>
</kw>
<status status="PASS" starttime="20230117 15:39:00.421" endtime="20230117 15:39:41.547"/>
</kw>
<kw name="-TERMINAR CONFIGURACIÓN TESTCASE-" library="libraries_keywords" type="TEARDOWN">
<kw name="Capture Page Screenshot" library="Selenium2Library">
<doc>Takes a screenshot of the current page and embeds it into a log file.</doc>
<msg timestamp="20230117 15:39:42.192" level="INFO" html="true">&lt;/td&gt;&lt;/tr&gt;&lt;tr&gt;&lt;td colspan="3"&gt;&lt;a href="../screenshots/selenium-screenshot-1.png"&gt;&lt;img src="../screenshots/selenium-screenshot-1.png" width="800px"&gt;&lt;/a&gt;</msg>
<status status="PASS" starttime="20230117 15:39:41.548" endtime="20230117 15:39:42.192"/>
</kw>
<status status="PASS" starttime="20230117 15:39:41.548" endtime="20230117 15:39:42.192"/>
</kw>
<status status="PASS" starttime="20230117 15:39:00.416" endtime="20230117 15:39:42.192"/>
</test>
<test id="s1-t2" name="CV-WEB-ACCESO-VALIDAR LOGOUT" line="20">
<kw name="-CONFIGURACIÓN TESTCASE-" library="libraries_keywords" type="SETUP">
<kw name="-CONFIGURAR DIRECTORIO SCREENSHOTS-" library="libraries_keywords">
<kw name="Set Screenshot Directory" library="Selenium2Library">
<arg>${screenshots-folder}</arg>
<doc>Sets the directory for captured screenshots.</doc>
<status status="PASS" starttime="20230117 15:39:42.195" endtime="20230117 15:39:42.196"/>
</kw>
<status status="PASS" starttime="20230117 15:39:42.195" endtime="20230117 15:39:42.196"/>
</kw>
<status status="PASS" starttime="20230117 15:39:42.194" endtime="20230117 15:39:42.196"/>
</kw>
<kw name="-LOGIN HOME CV-" library="tests_keywords">
<arg>${email_valido}</arg>
<arg>${pass_valido}</arg>
<kw name="-ABRIR LOGIN PAGE-" library="tests_keywords">
<kw name="Open Browser" library="Selenium2Library">
<arg>${url_login_page}</arg>
<arg>${browser}</arg>
<doc>Opens a new browser instance to the optional ``url``.</doc>
<msg timestamp="20230117 15:39:42.198" level="INFO">Opening browser 'headlesschrome' to base url 'https://www.clarovideo.com/mexico/login'.</msg>
<status status="PASS" starttime="20230117 15:39:42.198" endtime="20230117 15:39:46.652"/>
</kw>
<kw name="Set Window Size" library="Selenium2Library">
<arg>1200</arg>
<arg>1200</arg>
<doc>Sets current windows size to given ``width`` and ``height``.</doc>
<status status="PASS" starttime="20230117 15:39:46.653" endtime="20230117 15:39:46.758"/>
</kw>
<status status="PASS" starttime="20230117 15:39:42.197" endtime="20230117 15:39:46.759"/>
</kw>
<kw name="-INGRESAR EMAIL PARA LOGIN-" library="tests_keywords">
<arg>${email}</arg>
<kw name="Wait Until Element Is Visible" library="Selenium2Library">
<arg>${elementos_login_email['reg_emailtextbox']}</arg>
<doc>Waits until the element ``locator`` is visible.</doc>
<status status="PASS" starttime="20230117 15:39:46.760" endtime="20230117 15:39:46.801"/>
</kw>
<kw name="Input Text" library="Selenium2Library">
<arg>${elementos_login_email['reg_emailtextbox']}</arg>
<arg>${email}</arg>
<doc>Types the given ``text`` into the text field identified by ``locator``.</doc>
<msg timestamp="20230117 15:39:46.803" level="INFO">Typing text 'qc_mx_roku@gmail.com' into text field 'xpath=//input[@id="emailLogin"]'.</msg>
<status status="PASS" starttime="20230117 15:39:46.801" endtime="20230117 15:39:46.994"/>
</kw>
<kw name="Click Button" library="Selenium2Library">
<arg>${elementos_login_email['log_siguiente']}</arg>
<doc>Clicks the button identified by ``locator``.</doc>
<msg timestamp="20230117 15:39:46.998" level="INFO">Clicking button 'xpath=//button[@id="submitEmail"]'.</msg>
<status status="PASS" starttime="20230117 15:39:46.994" endtime="20230117 15:39:47.172"/>
</kw>
<status status="PASS" starttime="20230117 15:39:46.759" endtime="20230117 15:39:47.172"/>
</kw>
<kw name="-INGRESAR PASSWORD PARA LOGIN-" library="tests_keywords">
<arg>${password}</arg>
<kw name="Wait Until Element Is Visible" library="Selenium2Library">
<arg>${elementos_login_pass['reg_pass_passtextbox']}</arg>
<doc>Waits until the element ``locator`` is visible.</doc>
<status status="PASS" starttime="20230117 15:39:47.173" endtime="20230117 15:39:47.508"/>
</kw>
<kw name="Input Text" library="Selenium2Library">
<arg>${elementos_login_pass['reg_pass_passtextbox']}</arg>
<arg>${password}</arg>
<doc>Types the given ``text`` into the text field identified by ``locator``.</doc>
<msg timestamp="20230117 15:39:47.510" level="INFO">Typing text 'Claro123' into text field 'xpath=//input[@id="password"]'.</msg>
<status status="PASS" starttime="20230117 15:39:47.508" endtime="20230117 15:39:47.640"/>
</kw>
<kw name="Click Button" library="Selenium2Library">
<arg>${elementos_login_pass['log_pass_siguiente']}</arg>
<doc>Clicks the button identified by ``locator``.</doc>
<msg timestamp="20230117 15:39:47.642" level="INFO">Clicking button 'xpath=//button[@id="submitPassword"]'.</msg>
<status status="PASS" starttime="20230117 15:39:47.640" endtime="20230117 15:39:47.748"/>
</kw>
<status status="PASS" starttime="20230117 15:39:47.173" endtime="20230117 15:39:47.748"/>
</kw>
<kw name="Sleep" library="BuiltIn">
<arg>10</arg>
<doc>Pauses the test executed for the given time.</doc>
<msg timestamp="20230117 15:39:57.750" level="INFO">Slept 10 seconds</msg>
<status status="PASS" starttime="20230117 15:39:47.749" endtime="20230117 15:39:57.750"/>
</kw>
<kw name="-VALIDAR CARGA HOME-" library="tests_keywords">
<kw name="Sleep" library="BuiltIn">
<arg>4</arg>
<doc>Pauses the test executed for the given time.</doc>
<msg timestamp="20230117 15:40:01.752" level="INFO">Slept 4 seconds</msg>
<status status="PASS" starttime="20230117 15:39:57.751" endtime="20230117 15:40:01.752"/>
</kw>
<kw name="Wait Until Page Contains Element" library="Selenium2Library">
<arg>${elementos_home_page['home_lupa']}</arg>
<doc>Waits until the element ``locator`` appears on the current page.</doc>
<status status="PASS" starttime="20230117 15:40:01.753" endtime="20230117 15:40:01.774"/>
</kw>
<status status="PASS" starttime="20230117 15:39:57.750" endtime="20230117 15:40:01.774"/>
</kw>
<status status="PASS" starttime="20230117 15:39:42.197" endtime="20230117 15:40:01.774"/>
</kw>
<kw name="-LOGOUT HOME CV-" library="tests_keywords">
<kw name="Mouse Down" library="Selenium2Library">
<arg>${profile_menu_page['close_session_inMenu']}</arg>
<doc>Simulates pressing the left mouse button on the element ``locator``.</doc>
<msg timestamp="20230117 15:40:01.777" level="INFO">Simulating Mouse Down on element 'xpath=//span[@class='caret']'.</msg>
<status status="PASS" starttime="20230117 15:40:01.775" endtime="20230117 15:40:02.086"/>
</kw>
<kw name="Click Element" library="Selenium2Library">
<arg>${profile_menu_page['close_session_button']}</arg>
<doc>Click the element identified by ``locator``.</doc>
<msg timestamp="20230117 15:40:02.088" level="INFO">Clicking element 'xpath=//a[normalize-space()='Cerrar Sesión']'.</msg>
<msg timestamp="20230117 15:40:22.279" level="INFO" html="true">&lt;/td&gt;&lt;/tr&gt;&lt;tr&gt;&lt;td colspan="3"&gt;&lt;a href="../screenshots/selenium-screenshot-2.png"&gt;&lt;img src="../screenshots/selenium-screenshot-2.png" width="800px"&gt;&lt;/a&gt;</msg>
<msg timestamp="20230117 15:40:22.280" level="FAIL">ElementNotInteractableException: Message: element not interactable
  (Session info: headless chrome=106.0.5249.61)
</msg>
<status status="FAIL" starttime="20230117 15:40:02.087" endtime="20230117 15:40:22.298"/>
</kw>
<status status="FAIL" starttime="20230117 15:40:01.775" endtime="20230117 15:40:22.300"/>
</kw>
<kw name="-TERMINAR CONFIGURACIÓN TESTCASE-" library="libraries_keywords" type="TEARDOWN">
<kw name="Capture Page Screenshot" library="Selenium2Library">
<doc>Takes a screenshot of the current page and embeds it into a log file.</doc>
<msg timestamp="20230117 15:40:22.478" level="INFO" html="true">&lt;/td&gt;&lt;/tr&gt;&lt;tr&gt;&lt;td colspan="3"&gt;&lt;a href="../screenshots/selenium-screenshot-3.png"&gt;&lt;img src="../screenshots/selenium-screenshot-3.png" width="800px"&gt;&lt;/a&gt;</msg>
<status status="PASS" starttime="20230117 15:40:22.301" endtime="20230117 15:40:22.478"/>
</kw>
<status status="PASS" starttime="20230117 15:40:22.301" endtime="20230117 15:40:22.479"/>
</kw>
<status status="FAIL" starttime="20230117 15:39:42.193" endtime="20230117 15:40:22.479">ElementNotInteractableException: Message: element not interactable
  (Session info: headless chrome=106.0.5249.61)
</status>
</test>
<kw name="-TERMINAR CONFIGURACIÓN SUITETEST-" library="libraries_keywords" type="TEARDOWN">
<kw name="Capture Page Screenshot" library="Selenium2Library">
<doc>Takes a screenshot of the current page and embeds it into a log file.</doc>
<msg timestamp="20230117 15:40:22.644" level="INFO" html="true">&lt;/td&gt;&lt;/tr&gt;&lt;tr&gt;&lt;td colspan="3"&gt;&lt;a href="../screenshots/selenium-screenshot-4.png"&gt;&lt;img src="../screenshots/selenium-screenshot-4.png" width="800px"&gt;&lt;/a&gt;</msg>
<status status="PASS" starttime="20230117 15:40:22.481" endtime="20230117 15:40:22.644"/>
</kw>
<kw name="-CERRAR TODOS LOS NAVEGADORES-" library="libraries_keywords">
<kw name="Close All Browsers" library="Selenium2Library">
<doc>Closes all open browsers and resets the browser cache.</doc>
<status status="PASS" starttime="20230117 15:40:22.644" endtime="20230117 15:40:22.769"/>
</kw>
<status status="PASS" starttime="20230117 15:40:22.644" endtime="20230117 15:40:22.769"/>
</kw>
<status status="PASS" starttime="20230117 15:40:22.481" endtime="20230117 15:40:22.769"/>
</kw>
<doc>Ambiente Global FrameWork generico para ajustar de acuerdo al BRF</doc>
<status status="FAIL" starttime="20230117 15:38:52.722" endtime="20230117 15:40:22.769"/>
</suite>
<statistics>
<total>
<stat pass="1" fail="1" skip="0">All Tests</stat>
</total>
<tag>
</tag>
<suite>
<stat pass="1" fail="1" skip="0" id="s1" name="SuiteTestWEB">SuiteTestWEB</stat>
</suite>
</statistics>
<errors>
</errors>
</robot>
